<?xml version="1.0" encoding="UTF-8"?>
<!-- Generated by org.testng.reporters.JUnitXMLReporter -->
<testsuite ignored="0" hostname="DESKTOP-VC3249G" failures="0" tests="1" name="Default test" time="0.11" errors="0" timestamp="20 Jun 2022 10:27:57 GMT">
  <testcase classname="com.crm.SDET35.genericutilities.BaseClass" name="@BeforeClass launchTheBrowser" time="0.0">
    <failure type="org.testng.TestNGException" message="
Parameter &amp;apos;BROWSER&amp;apos; is required by BeforeClass on method launchTheBrowser but has not been marked @Optional or defined
in C:\Users\Dell\AppData\Local\Temp\testng-eclipse--202258693\testng-customsuite.xml">
      <![CDATA[org.testng.TestNGException: 
Parameter 'BROWSER' is required by BeforeClass on method launchTheBrowser but has not been marked @Optional or defined
in C:\Users\Dell\AppData\Local\Temp\testng-eclipse--202258693\testng-customsuite.xml
at org.testng.internal.Parameters.createParams(Parameters.java:290)
at org.testng.internal.Parameters.createParametersForMethod(Parameters.java:359)
at org.testng.internal.Parameters.createParameters(Parameters.java:620)
at org.testng.internal.Parameters.createConfigurationParameters(Parameters.java:190)
at org.testng.internal.Invoker.invokeConfigurations(Invoker.java:209)
at org.testng.internal.Invoker.invokeConfigurations(Invoker.java:142)
at org.testng.internal.TestMethodWorker.invokeBeforeClassMethods(TestMethodWorker.java:168)
at org.testng.internal.TestMethodWorker.run(TestMethodWorker.java:105)
at org.testng.TestRunner.privateRun(TestRunner.java:648)
at org.testng.TestRunner.run(TestRunner.java:505)
at org.testng.SuiteRunner.runTest(SuiteRunner.java:455)
at org.testng.SuiteRunner.runSequentially(SuiteRunner.java:450)
at org.testng.SuiteRunner.privateRun(SuiteRunner.java:415)
at org.testng.SuiteRunner.run(SuiteRunner.java:364)
at org.testng.SuiteRunnerWorker.runSuite(SuiteRunnerWorker.java:52)
at org.testng.SuiteRunnerWorker.run(SuiteRunnerWorker.java:84)
at org.testng.TestNG.runSuitesSequentially(TestNG.java:1208)
at org.testng.TestNG.runSuitesLocally(TestNG.java:1137)
at org.testng.TestNG.runSuites(TestNG.java:1049)
at org.testng.TestNG.run(TestNG.java:1017)
at org.testng.remote.AbstractRemoteTestNG.run(AbstractRemoteTestNG.java:115)
at org.testng.remote.RemoteTestNG.initAndRun(RemoteTestNG.java:251)
at org.testng.remote.RemoteTestNG.main(RemoteTestNG.java:77)
]]>
    </failure>
  </testcase> <!-- @BeforeClass launchTheBrowser -->
  <testcase classname="com.crm.SDET35.genericutilities.BaseClass" name="@BeforeMethod loginToApplication" time="0.0">
    <skipped/>
  </testcase> <!-- @BeforeMethod loginToApplication -->
  <testcase classname="com.crm.SDET35.genericutilities.BaseClass" name="@AfterMethod logoutFromApplication" time="0.0">
    <skipped/>
  </testcase> <!-- @AfterMethod logoutFromApplication -->
  <testcase classname="com.crm.SDET35.genericutilities.BaseClass" name="@AfterClass closeTheBrowser" time="0.0">
    <skipped/>
  </testcase> <!-- @AfterClass closeTheBrowser -->
  <testcase classname="testng.takescreenshotincrossbrowserexecution.CreatePurchaseOrderSelCopyShippingAddBillingAddPresCBTest" name="createMethodPurchaseOrderSelCopyShippingAddBillingAddPresCBTest" time="0.0">
    <skipped/>
  </testcase> <!-- createMethodPurchaseOrderSelCopyShippingAddBillingAddPresCBTest -->
</testsuite> <!-- Default test -->
