<!DOCTYPE html PUBLIC "-//W3C//DTD XHTML 1.1//EN" "http://www.w3.org/TR/xhtml11/DTD/xhtml11.dtd">
<html xmlns="http://www.w3.org/1999/xhtml">
<head>
<meta http-equiv="content-type" content="text/html; charset=UTF-8"/>
<title>TestNG Report</title>
<style type="text/css">table {margin-bottom:10px;border-collapse:collapse;empty-cells:show}th,td {border:1px solid #009;padding:.25em .5em}th {vertical-align:bottom}td {vertical-align:top}table a {font-weight:bold}.stripe td {background-color: #E6EBF9}.num {text-align:right}.passedodd td {background-color: #3F3}.passedeven td {background-color: #0A0}.skippedodd td {background-color: #DDD}.skippedeven td {background-color: #CCC}.failedodd td,.attn {background-color: #F33}.failedeven td,.stripe .attn {background-color: #D00}.stacktrace {white-space:pre;font-family:monospace}.totop {font-size:85%;text-align:center;border-bottom:2px solid #000}.invisible {display:none}</style>
</head>
<body>
<table>
<tr><th>Test</th><th># Passed</th><th># Skipped</th><th># Failed</th><th>Time (ms)</th><th>Included Groups</th><th>Excluded Groups</th></tr>
<tr><th colspan="7">Suite</th></tr>
<tr><td><a href="#t0">Test1</a></td><td class="num">0</td><td class="num">0</td><td class="num attn">2</td><td class="num">78,525</td><td></td><td></td></tr>
<tr class="stripe"><td><a href="#t1">Test2</a></td><td class="num">0</td><td class="num">0</td><td class="num attn">2</td><td class="num">97,053</td><td></td><td></td></tr>
<tr><th>Total</th><th class="num">0</th><th class="num">0</th><th class="num attn">4</th><th class="num">175,578</th><th colspan="2"></th></tr>
</table>
<table id='summary'><thead><tr><th>Class</th><th>Method</th><th>Start</th><th>Time (ms)</th></tr></thead><tbody><tr><th colspan="4">Suite</th></tr></tbody><tbody id="t0"><tr><th colspan="4">Test1 &#8212; failed</th></tr><tr class="failedeven"><td rowspan="1">testng.takescreenshotincrossbrowserexecution.CreatePurchaseOrderSelCopyShippingAddBillingAddPresCBTest</td><td><a href="#m0">createMethodPurchaseOrderSelCopyShippingAddBillingAddPresCBTest</a></td><td rowspan="1">1655720973551</td><td rowspan="1">8998</td></tr><tr class="failedodd"><td rowspan="1">testng.takescreenshotincrossbrowserexecution.CreatePurchaseOrderSelectCopyShppingAddressCBTest</td><td><a href="#m1">methodCreatePurchaseOrderSelectCopyShppingAddressCrossBrowser</a></td><td rowspan="1">1655721008342</td><td rowspan="1">10683</td></tr></tbody>
<tbody id="t1"><tr><th colspan="4">Test2 &#8212; failed</th></tr><tr class="failedeven"><td rowspan="1">testng.takescreenshotincrossbrowserexecution.CreatePurchaseSelectCopyBillingAddressCBTest</td><td><a href="#m2">createMethodPurchaseSelectCopyBillingAddressTest</a></td><td rowspan="1">1655720989328</td><td rowspan="1">25801</td></tr><tr class="failedodd"><td rowspan="1">testng.takescreenshotincrossbrowserexecution.CreatePurchaseSelectCopyBillingAddressShippingAddressEmptyCBTest</td><td><a href="#m3">createMethodPurchaseSelectCopyBillingAddressShippingAddressEmptyTest</a></td><td rowspan="1">1655721030370</td><td rowspan="1">8877</td></tr></tbody>
</table>
<h2>Test1</h2><h3 id="m0">testng.takescreenshotincrossbrowserexecution.CreatePurchaseOrderSelCopyShippingAddBillingAddPresCBTest#createMethodPurchaseOrderSelCopyShippingAddBillingAddPresCBTest</h3><table class="result"><tr><th>Exception</th></tr><tr><td><div class="stacktrace">org.openqa.selenium.ElementNotInteractableException: Element &lt;a id=&quot;more&quot; class=&quot;drop_downnew&quot; href=&quot;index.php?module=PurchaseOrder&amp;action=index&quot; name=&quot;Purchase Order&quot;&gt; could not be scrolled into view
Build info: version: &apos;3.141.59&apos;, revision: &apos;e82be7d358&apos;, time: &apos;2018-11-14T08:17:03&apos;
System info: host: &apos;DESKTOP-VC3249G&apos;, ip: &apos;192.168.43.175&apos;, os.name: &apos;Windows 10&apos;, os.arch: &apos;amd64&apos;, os.version: &apos;10.0&apos;, java.version: &apos;16.0.1&apos;
Driver info: org.openqa.selenium.firefox.FirefoxDriver
Capabilities {acceptInsecureCerts: true, browserName: firefox, browserVersion: 101.0, javascriptEnabled: true, moz:accessibilityChecks: false, moz:buildID: 20220526203855, moz:geckodriverVersion: 0.31.0, moz:headless: false, moz:processID: 8512, moz:profile: C:\Users\Dell\AppData\Local..., moz:shutdownTimeout: 60000, moz:useNonSpecCompliantPointerOrigin: false, moz:webdriverClick: true, pageLoadStrategy: normal, platform: WINDOWS, platformName: WINDOWS, platformVersion: 10.0, proxy: Proxy(), setWindowRect: true, strictFileInteractability: false, timeouts: {implicit: 0, pageLoad: 300000, script: 30000}, unhandledPromptBehavior: dismiss and notify}
Session ID: 7b4d8c83-83cd-4afd-aa55-2f932c0a8dd1
	at org.openqa.selenium.remote.http.W3CHttpResponseCodec.createException(W3CHttpResponseCodec.java:187)
	at org.openqa.selenium.remote.http.W3CHttpResponseCodec.decode(W3CHttpResponseCodec.java:122)
	at org.openqa.selenium.remote.http.W3CHttpResponseCodec.decode(W3CHttpResponseCodec.java:49)
	at org.openqa.selenium.remote.HttpCommandExecutor.execute(HttpCommandExecutor.java:158)
	at org.openqa.selenium.remote.service.DriverCommandExecutor.execute(DriverCommandExecutor.java:83)
	at org.openqa.selenium.remote.RemoteWebDriver.execute(RemoteWebDriver.java:552)
	at org.openqa.selenium.remote.RemoteWebElement.execute(RemoteWebElement.java:285)
	at org.openqa.selenium.remote.RemoteWebElement.click(RemoteWebElement.java:84)
	at org.openqa.selenium.support.pagefactory.internal.LocatingElementHandler.invoke(LocatingElementHandler.java:51)
	at jdk.proxy2/jdk.proxy2.$Proxy19.click(Unknown Source)
	at com.crm.objectRepository.HomePage.selectingPurchaseOrder(HomePage.java:102)
	at testng.takescreenshotincrossbrowserexecution.CreatePurchaseOrderSelCopyShippingAddBillingAddPresCBTest.createMethodPurchaseOrderSelCopyShippingAddBillingAddPresCBTest(CreatePurchaseOrderSelCopyShippingAddBillingAddPresCBTest.java:40)
	at java.base/java.util.concurrent.FutureTask.run(FutureTask.java:264)
	at java.base/java.util.concurrent.ThreadPoolExecutor.runWorker(ThreadPoolExecutor.java:1130)
	at java.base/java.util.concurrent.ThreadPoolExecutor$Worker.run(ThreadPoolExecutor.java:630)
	at java.base/java.lang.Thread.run(Thread.java:831)
... Removed 25 stack frames</div></td></tr></table><p class="totop"><a href="#summary">back to summary</a></p>
<h3 id="m1">testng.takescreenshotincrossbrowserexecution.CreatePurchaseOrderSelectCopyShppingAddressCBTest#methodCreatePurchaseOrderSelectCopyShppingAddressCrossBrowser</h3><table class="result"><tr><th>Exception</th></tr><tr><td><div class="stacktrace">java.lang.AssertionError: null
	at testng.takescreenshotincrossbrowserexecution.CreatePurchaseOrderSelectCopyShppingAddressCBTest.methodCreatePurchaseOrderSelectCopyShppingAddressCrossBrowser(CreatePurchaseOrderSelectCopyShppingAddressCBTest.java:52)
	at java.base/java.util.concurrent.FutureTask.run(FutureTask.java:264)
	at java.base/java.util.concurrent.ThreadPoolExecutor.runWorker(ThreadPoolExecutor.java:1130)
	at java.base/java.util.concurrent.ThreadPoolExecutor$Worker.run(ThreadPoolExecutor.java:630)
	at java.base/java.lang.Thread.run(Thread.java:831)
... Removed 18 stack frames</div></td></tr></table><p class="totop"><a href="#summary">back to summary</a></p>
<h2>Test2</h2><h3 id="m2">testng.takescreenshotincrossbrowserexecution.CreatePurchaseSelectCopyBillingAddressCBTest#createMethodPurchaseSelectCopyBillingAddressTest</h3><table class="result"><tr><th>Exception</th></tr><tr><td><div class="stacktrace">java.lang.AssertionError: null
	at testng.takescreenshotincrossbrowserexecution.CreatePurchaseSelectCopyBillingAddressCBTest.createMethodPurchaseSelectCopyBillingAddressTest(CreatePurchaseSelectCopyBillingAddressCBTest.java:47)
	at java.base/java.util.concurrent.FutureTask.run(FutureTask.java:264)
	at java.base/java.util.concurrent.ThreadPoolExecutor.runWorker(ThreadPoolExecutor.java:1130)
	at java.base/java.util.concurrent.ThreadPoolExecutor$Worker.run(ThreadPoolExecutor.java:630)
	at java.base/java.lang.Thread.run(Thread.java:831)
... Removed 18 stack frames</div></td></tr></table><p class="totop"><a href="#summary">back to summary</a></p>
<h3 id="m3">testng.takescreenshotincrossbrowserexecution.CreatePurchaseSelectCopyBillingAddressShippingAddressEmptyCBTest#createMethodPurchaseSelectCopyBillingAddressShippingAddressEmptyTest</h3><table class="result"><tr><th>Exception</th></tr><tr><td><div class="stacktrace">java.lang.AssertionError: null
	at testng.takescreenshotincrossbrowserexecution.CreatePurchaseSelectCopyBillingAddressShippingAddressEmptyCBTest.createMethodPurchaseSelectCopyBillingAddressShippingAddressEmptyTest(CreatePurchaseSelectCopyBillingAddressShippingAddressEmptyCBTest.java:47)
	at java.base/java.util.concurrent.FutureTask.run(FutureTask.java:264)
	at java.base/java.util.concurrent.ThreadPoolExecutor.runWorker(ThreadPoolExecutor.java:1130)
	at java.base/java.util.concurrent.ThreadPoolExecutor$Worker.run(ThreadPoolExecutor.java:630)
	at java.base/java.lang.Thread.run(Thread.java:831)
... Removed 18 stack frames</div></td></tr></table><p class="totop"><a href="#summary">back to summary</a></p>
</body>
</html>
