<!DOCTYPE html>

<html>
  <head>
  <meta charset='utf-8'>
  <title>TestNG reports</title>

    <link type="text/css" href="testng-reports.css" rel="stylesheet" />
    <script type="text/javascript" src="jquery-1.7.1.min.js"></script>
    <script type="text/javascript" src="testng-reports.js"></script>
    <script type="text/javascript" src="https://www.google.com/jsapi"></script>
    <script type='text/javascript'>
      google.load('visualization', '1', {packages:['table']});
      google.setOnLoadCallback(drawTable);
      var suiteTableInitFunctions = new Array();
      var suiteTableData = new Array();
    </script>
    <!--
      <script type="text/javascript" src="jquery-ui/js/jquery-ui-1.8.16.custom.min.js"></script>
     -->
  </head>

  <body>
    <div class="top-banner-root">
      <span class="top-banner-title-font">Test results</span>
      <br/>
      <span class="top-banner-font-1">1 suite, 4 failed tests</span>
    </div> <!-- top-banner-root -->
    <div class="navigator-root">
      <div class="navigator-suite-header">
        <span>All suites</span>
        <a href="#" title="Collapse/expand all the suites" class="collapse-all-link">
          <img src="collapseall.gif" class="collapse-all-icon">
          </img> <!-- collapse-all-icon -->
        </a> <!-- collapse-all-link -->
      </div> <!-- navigator-suite-header -->
      <div class="suite">
        <div class="rounded-window">
          <div class="suite-header light-rounded-window-top">
            <a href="#" panel-name="suite-Suite" class="navigator-link">
              <span class="suite-name border-failed">Suite</span>
            </a> <!-- navigator-link -->
          </div> <!-- suite-header light-rounded-window-top -->
          <div class="navigator-suite-content">
            <div class="suite-section-title">
              <span>Info</span>
            </div> <!-- suite-section-title -->
            <div class="suite-section-content">
              <ul>
                <li>
                  <a href="#" panel-name="test-xml-Suite" class="navigator-link ">
                    <span>D:\TYSS\com.crm.SDET35\testng_crossBrowserExecutionScreenshot.xml</span>
                  </a> <!-- navigator-link  -->
                </li>
                <li>
                  <a href="#" panel-name="testlist-Suite" class="navigator-link ">
                    <span class="test-stats">2 tests</span>
                  </a> <!-- navigator-link  -->
                </li>
                <li>
                  <a href="#" panel-name="group-Suite" class="navigator-link ">
                    <span>0 groups</span>
                  </a> <!-- navigator-link  -->
                </li>
                <li>
                  <a href="#" panel-name="times-Suite" class="navigator-link ">
                    <span>Times</span>
                  </a> <!-- navigator-link  -->
                </li>
                <li>
                  <a href="#" panel-name="reporter-Suite" class="navigator-link ">
                    <span>Reporter output</span>
                  </a> <!-- navigator-link  -->
                </li>
                <li>
                  <a href="#" panel-name="ignored-methods-Suite" class="navigator-link ">
                    <span>Ignored methods</span>
                  </a> <!-- navigator-link  -->
                </li>
                <li>
                  <a href="#" panel-name="chronological-Suite" class="navigator-link ">
                    <span>Chronological view</span>
                  </a> <!-- navigator-link  -->
                </li>
              </ul>
            </div> <!-- suite-section-content -->
            <div class="result-section">
              <div class="suite-section-title">
                <span>Results</span>
              </div> <!-- suite-section-title -->
              <div class="suite-section-content">
                <ul>
                  <li>
                    <span class="method-stats">4 methods, 4 failed,   </span>
                  </li>
                  <li>
                    <span class="method-list-title failed">Failed methods</span>
                    <span class="show-or-hide-methods failed">
                      <a href="#" panel-name="suite-Suite" class="hide-methods failed suite-Suite"> (hide)</a> <!-- hide-methods failed suite-Suite -->
                      <a href="#" panel-name="suite-Suite" class="show-methods failed suite-Suite"> (show)</a> <!-- show-methods failed suite-Suite -->
                    </span>
                    <div class="method-list-content failed suite-Suite">
                      <span>
                        <img src="failed.png" width="3%"/>
                        <a href="#" panel-name="suite-Suite" title="testng.takescreenshotincrossbrowserexecution.CreatePurchaseOrderSelCopyShippingAddBillingAddPresCBTest" class="method navigator-link" hash-for-method="createMethodPurchaseOrderSelCopyShippingAddBillingAddPresCBTest">createMethodPurchaseOrderSelCopyShippingAddBillingAddPresCBTest</a> <!-- method navigator-link -->
                      </span>
                      <br/>
                      <span>
                        <img src="failed.png" width="3%"/>
                        <a href="#" panel-name="suite-Suite" title="testng.takescreenshotincrossbrowserexecution.CreatePurchaseSelectCopyBillingAddressShippingAddressEmptyCBTest" class="method navigator-link" hash-for-method="createMethodPurchaseSelectCopyBillingAddressShippingAddressEmptyTest">createMethodPurchaseSelectCopyBillingAddressShippingAddressEmptyTest</a> <!-- method navigator-link -->
                      </span>
                      <br/>
                      <span>
                        <img src="failed.png" width="3%"/>
                        <a href="#" panel-name="suite-Suite" title="testng.takescreenshotincrossbrowserexecution.CreatePurchaseSelectCopyBillingAddressCBTest" class="method navigator-link" hash-for-method="createMethodPurchaseSelectCopyBillingAddressTest">createMethodPurchaseSelectCopyBillingAddressTest</a> <!-- method navigator-link -->
                      </span>
                      <br/>
                      <span>
                        <img src="failed.png" width="3%"/>
                        <a href="#" panel-name="suite-Suite" title="testng.takescreenshotincrossbrowserexecution.CreatePurchaseOrderSelectCopyShppingAddressCBTest" class="method navigator-link" hash-for-method="methodCreatePurchaseOrderSelectCopyShppingAddressCrossBrowser">methodCreatePurchaseOrderSelectCopyShppingAddressCrossBrowser</a> <!-- method navigator-link -->
                      </span>
                      <br/>
                    </div> <!-- method-list-content failed suite-Suite -->
                  </li>
                </ul>
              </div> <!-- suite-section-content -->
            </div> <!-- result-section -->
          </div> <!-- navigator-suite-content -->
        </div> <!-- rounded-window -->
      </div> <!-- suite -->
    </div> <!-- navigator-root -->
    <div class="wrapper">
      <div class="main-panel-root">
        <div panel-name="suite-Suite" class="panel Suite">
          <div class="suite-Suite-class-failed">
            <div class="main-panel-header rounded-window-top">
              <img src="failed.png"/>
              <span class="class-name">testng.takescreenshotincrossbrowserexecution.CreatePurchaseOrderSelCopyShippingAddBillingAddPresCBTest</span>
            </div> <!-- main-panel-header rounded-window-top -->
            <div class="main-panel-content rounded-window-bottom">
              <div class="method">
                <div class="method-content">
                  <a name="createMethodPurchaseOrderSelCopyShippingAddBillingAddPresCBTest">
                  </a> <!-- createMethodPurchaseOrderSelCopyShippingAddBillingAddPresCBTest -->
                  <span class="method-name">createMethodPurchaseOrderSelCopyShippingAddBillingAddPresCBTest</span>
                  <div class="stack-trace">org.openqa.selenium.ElementNotInteractableException: Element &lt;a id=&quot;more&quot; class=&quot;drop_downnew&quot; href=&quot;index.php?module=PurchaseOrder&amp;action=index&quot; name=&quot;Purchase Order&quot;&gt; could not be scrolled into view
Build info: version: &apos;3.141.59&apos;, revision: &apos;e82be7d358&apos;, time: &apos;2018-11-14T08:17:03&apos;
System info: host: &apos;DESKTOP-VC3249G&apos;, ip: &apos;192.168.43.175&apos;, os.name: &apos;Windows 10&apos;, os.arch: &apos;amd64&apos;, os.version: &apos;10.0&apos;, java.version: &apos;16.0.1&apos;
Driver info: org.openqa.selenium.firefox.FirefoxDriver
Capabilities {acceptInsecureCerts: true, browserName: firefox, browserVersion: 101.0, javascriptEnabled: true, moz:accessibilityChecks: false, moz:buildID: 20220526203855, moz:geckodriverVersion: 0.31.0, moz:headless: false, moz:processID: 8512, moz:profile: C:\Users\Dell\AppData\Local..., moz:shutdownTimeout: 60000, moz:useNonSpecCompliantPointerOrigin: false, moz:webdriverClick: true, pageLoadStrategy: normal, platform: WINDOWS, platformName: WINDOWS, platformVersion: 10.0, proxy: Proxy(), setWindowRect: true, strictFileInteractability: false, timeouts: {implicit: 0, pageLoad: 300000, script: 30000}, unhandledPromptBehavior: dismiss and notify}
Session ID: 7b4d8c83-83cd-4afd-aa55-2f932c0a8dd1
	at org.openqa.selenium.remote.http.W3CHttpResponseCodec.createException(W3CHttpResponseCodec.java:187)
	at org.openqa.selenium.remote.http.W3CHttpResponseCodec.decode(W3CHttpResponseCodec.java:122)
	at org.openqa.selenium.remote.http.W3CHttpResponseCodec.decode(W3CHttpResponseCodec.java:49)
	at org.openqa.selenium.remote.HttpCommandExecutor.execute(HttpCommandExecutor.java:158)
	at org.openqa.selenium.remote.service.DriverCommandExecutor.execute(DriverCommandExecutor.java:83)
	at org.openqa.selenium.remote.RemoteWebDriver.execute(RemoteWebDriver.java:552)
	at org.openqa.selenium.remote.RemoteWebElement.execute(RemoteWebElement.java:285)
	at org.openqa.selenium.remote.RemoteWebElement.click(RemoteWebElement.java:84)
	at org.openqa.selenium.support.pagefactory.internal.LocatingElementHandler.invoke(LocatingElementHandler.java:51)
	at jdk.proxy2/jdk.proxy2.$Proxy19.click(Unknown Source)
	at com.crm.objectRepository.HomePage.selectingPurchaseOrder(HomePage.java:102)
	at testng.takescreenshotincrossbrowserexecution.CreatePurchaseOrderSelCopyShippingAddBillingAddPresCBTest.createMethodPurchaseOrderSelCopyShippingAddBillingAddPresCBTest(CreatePurchaseOrderSelCopyShippingAddBillingAddPresCBTest.java:40)
	at java.base/java.util.concurrent.FutureTask.run(FutureTask.java:264)
	at java.base/java.util.concurrent.ThreadPoolExecutor.runWorker(ThreadPoolExecutor.java:1130)
	at java.base/java.util.concurrent.ThreadPoolExecutor$Worker.run(ThreadPoolExecutor.java:630)
	at java.base/java.lang.Thread.run(Thread.java:831)
... Removed 25 stack frames
</div> <!-- stack-trace -->
                </div> <!-- method-content -->
              </div> <!-- method -->
            </div> <!-- main-panel-content rounded-window-bottom -->
          </div> <!-- suite-Suite-class-failed -->
          <div class="suite-Suite-class-failed">
            <div class="main-panel-header rounded-window-top">
              <img src="failed.png"/>
              <span class="class-name">testng.takescreenshotincrossbrowserexecution.CreatePurchaseSelectCopyBillingAddressShippingAddressEmptyCBTest</span>
            </div> <!-- main-panel-header rounded-window-top -->
            <div class="main-panel-content rounded-window-bottom">
              <div class="method">
                <div class="method-content">
                  <a name="createMethodPurchaseSelectCopyBillingAddressShippingAddressEmptyTest">
                  </a> <!-- createMethodPurchaseSelectCopyBillingAddressShippingAddressEmptyTest -->
                  <span class="method-name">createMethodPurchaseSelectCopyBillingAddressShippingAddressEmptyTest</span>
                  <div class="stack-trace">java.lang.AssertionError: null
	at testng.takescreenshotincrossbrowserexecution.CreatePurchaseSelectCopyBillingAddressShippingAddressEmptyCBTest.createMethodPurchaseSelectCopyBillingAddressShippingAddressEmptyTest(CreatePurchaseSelectCopyBillingAddressShippingAddressEmptyCBTest.java:47)
	at java.base/java.util.concurrent.FutureTask.run(FutureTask.java:264)
	at java.base/java.util.concurrent.ThreadPoolExecutor.runWorker(ThreadPoolExecutor.java:1130)
	at java.base/java.util.concurrent.ThreadPoolExecutor$Worker.run(ThreadPoolExecutor.java:630)
	at java.base/java.lang.Thread.run(Thread.java:831)
... Removed 18 stack frames
</div> <!-- stack-trace -->
                </div> <!-- method-content -->
              </div> <!-- method -->
            </div> <!-- main-panel-content rounded-window-bottom -->
          </div> <!-- suite-Suite-class-failed -->
          <div class="suite-Suite-class-failed">
            <div class="main-panel-header rounded-window-top">
              <img src="failed.png"/>
              <span class="class-name">testng.takescreenshotincrossbrowserexecution.CreatePurchaseSelectCopyBillingAddressCBTest</span>
            </div> <!-- main-panel-header rounded-window-top -->
            <div class="main-panel-content rounded-window-bottom">
              <div class="method">
                <div class="method-content">
                  <a name="createMethodPurchaseSelectCopyBillingAddressTest">
                  </a> <!-- createMethodPurchaseSelectCopyBillingAddressTest -->
                  <span class="method-name">createMethodPurchaseSelectCopyBillingAddressTest</span>
                  <div class="stack-trace">java.lang.AssertionError: null
	at testng.takescreenshotincrossbrowserexecution.CreatePurchaseSelectCopyBillingAddressCBTest.createMethodPurchaseSelectCopyBillingAddressTest(CreatePurchaseSelectCopyBillingAddressCBTest.java:47)
	at java.base/java.util.concurrent.FutureTask.run(FutureTask.java:264)
	at java.base/java.util.concurrent.ThreadPoolExecutor.runWorker(ThreadPoolExecutor.java:1130)
	at java.base/java.util.concurrent.ThreadPoolExecutor$Worker.run(ThreadPoolExecutor.java:630)
	at java.base/java.lang.Thread.run(Thread.java:831)
... Removed 18 stack frames
</div> <!-- stack-trace -->
                </div> <!-- method-content -->
              </div> <!-- method -->
            </div> <!-- main-panel-content rounded-window-bottom -->
          </div> <!-- suite-Suite-class-failed -->
          <div class="suite-Suite-class-failed">
            <div class="main-panel-header rounded-window-top">
              <img src="failed.png"/>
              <span class="class-name">testng.takescreenshotincrossbrowserexecution.CreatePurchaseOrderSelectCopyShppingAddressCBTest</span>
            </div> <!-- main-panel-header rounded-window-top -->
            <div class="main-panel-content rounded-window-bottom">
              <div class="method">
                <div class="method-content">
                  <a name="methodCreatePurchaseOrderSelectCopyShppingAddressCrossBrowser">
                  </a> <!-- methodCreatePurchaseOrderSelectCopyShppingAddressCrossBrowser -->
                  <span class="method-name">methodCreatePurchaseOrderSelectCopyShppingAddressCrossBrowser</span>
                  <div class="stack-trace">java.lang.AssertionError: null
	at testng.takescreenshotincrossbrowserexecution.CreatePurchaseOrderSelectCopyShppingAddressCBTest.methodCreatePurchaseOrderSelectCopyShppingAddressCrossBrowser(CreatePurchaseOrderSelectCopyShppingAddressCBTest.java:52)
	at java.base/java.util.concurrent.FutureTask.run(FutureTask.java:264)
	at java.base/java.util.concurrent.ThreadPoolExecutor.runWorker(ThreadPoolExecutor.java:1130)
	at java.base/java.util.concurrent.ThreadPoolExecutor$Worker.run(ThreadPoolExecutor.java:630)
	at java.base/java.lang.Thread.run(Thread.java:831)
... Removed 18 stack frames
</div> <!-- stack-trace -->
                </div> <!-- method-content -->
              </div> <!-- method -->
            </div> <!-- main-panel-content rounded-window-bottom -->
          </div> <!-- suite-Suite-class-failed -->
        </div> <!-- panel Suite -->
        <div panel-name="test-xml-Suite" class="panel">
          <div class="main-panel-header rounded-window-top">
            <span class="header-content">D:\TYSS\com.crm.SDET35\testng_crossBrowserExecutionScreenshot.xml</span>
          </div> <!-- main-panel-header rounded-window-top -->
          <div class="main-panel-content rounded-window-bottom">
            <pre>
&lt;?xml version=&quot;1.0&quot; encoding=&quot;UTF-8&quot;?&gt;
&lt;!DOCTYPE suite SYSTEM &quot;http://testng.org/testng-1.0.dtd&quot;&gt;
&lt;suite thread-count=&quot;2&quot; parallel=&quot;tests&quot; name=&quot;Suite&quot; guice-stage=&quot;DEVELOPMENT&quot;&gt;
  &lt;listeners&gt;
    &lt;listener class-name=&quot;com.crm.SDET35.genericutilities.ListnerImplementation&quot;/&gt;
  &lt;/listeners&gt;
  &lt;test thread-count=&quot;2&quot; parallel=&quot;tests&quot; name=&quot;Test1&quot;&gt;
    &lt;parameter name=&quot;BROWSER&quot; value=&quot;firefox&quot;/&gt;
    &lt;classes&gt;
      &lt;class name=&quot;testng.takescreenshotincrossbrowserexecution.CreatePurchaseOrderSelCopyShippingAddBillingAddPresCBTest&quot;/&gt;
      &lt;class name=&quot;testng.takescreenshotincrossbrowserexecution.CreatePurchaseOrderSelectCopyShppingAddressCBTest&quot;/&gt;
    &lt;/classes&gt;
  &lt;/test&gt; &lt;!-- Test1 --&gt;
  &lt;test thread-count=&quot;2&quot; parallel=&quot;tests&quot; name=&quot;Test2&quot;&gt;
    &lt;parameter name=&quot;BROWSER&quot; value=&quot;chrome&quot;/&gt;
    &lt;classes&gt;
      &lt;class name=&quot;testng.takescreenshotincrossbrowserexecution.CreatePurchaseSelectCopyBillingAddressCBTest&quot;/&gt;
      &lt;class name=&quot;testng.takescreenshotincrossbrowserexecution.CreatePurchaseSelectCopyBillingAddressShippingAddressEmptyCBTest&quot;/&gt;
    &lt;/classes&gt;
  &lt;/test&gt; &lt;!-- Test2 --&gt;
&lt;/suite&gt; &lt;!-- Suite --&gt;
            </pre>
          </div> <!-- main-panel-content rounded-window-bottom -->
        </div> <!-- panel -->
        <div panel-name="testlist-Suite" class="panel">
          <div class="main-panel-header rounded-window-top">
            <span class="header-content">Tests for Suite</span>
          </div> <!-- main-panel-header rounded-window-top -->
          <div class="main-panel-content rounded-window-bottom">
            <ul>
              <li>
                <span class="test-name">Test1 (2 classes)</span>
              </li>
              <li>
                <span class="test-name">Test2 (2 classes)</span>
              </li>
            </ul>
          </div> <!-- main-panel-content rounded-window-bottom -->
        </div> <!-- panel -->
        <div panel-name="group-Suite" class="panel">
          <div class="main-panel-header rounded-window-top">
            <span class="header-content">Groups for Suite</span>
          </div> <!-- main-panel-header rounded-window-top -->
          <div class="main-panel-content rounded-window-bottom">
          </div> <!-- main-panel-content rounded-window-bottom -->
        </div> <!-- panel -->
        <div panel-name="times-Suite" class="panel">
          <div class="main-panel-header rounded-window-top">
            <span class="header-content">Times for Suite</span>
          </div> <!-- main-panel-header rounded-window-top -->
          <div class="main-panel-content rounded-window-bottom">
            <div class="times-div">
              <script type="text/javascript">
suiteTableInitFunctions.push('tableData_Suite');
function tableData_Suite() {
var data = new google.visualization.DataTable();
data.addColumn('number', 'Number');
data.addColumn('string', 'Method');
data.addColumn('string', 'Class');
data.addColumn('number', 'Time (ms)');
data.addRows(4);
data.setCell(0, 0, 0)
data.setCell(0, 1, 'createMethodPurchaseSelectCopyBillingAddressTest')
data.setCell(0, 2, 'testng.takescreenshotincrossbrowserexecution.CreatePurchaseSelectCopyBillingAddressCBTest')
data.setCell(0, 3, 25801);
data.setCell(1, 0, 1)
data.setCell(1, 1, 'methodCreatePurchaseOrderSelectCopyShppingAddressCrossBrowser')
data.setCell(1, 2, 'testng.takescreenshotincrossbrowserexecution.CreatePurchaseOrderSelectCopyShppingAddressCBTest')
data.setCell(1, 3, 10683);
data.setCell(2, 0, 2)
data.setCell(2, 1, 'createMethodPurchaseOrderSelCopyShippingAddBillingAddPresCBTest')
data.setCell(2, 2, 'testng.takescreenshotincrossbrowserexecution.CreatePurchaseOrderSelCopyShippingAddBillingAddPresCBTest')
data.setCell(2, 3, 8998);
data.setCell(3, 0, 3)
data.setCell(3, 1, 'createMethodPurchaseSelectCopyBillingAddressShippingAddressEmptyTest')
data.setCell(3, 2, 'testng.takescreenshotincrossbrowserexecution.CreatePurchaseSelectCopyBillingAddressShippingAddressEmptyCBTest')
data.setCell(3, 3, 8877);
window.suiteTableData['Suite']= { tableData: data, tableDiv: 'times-div-Suite'}
return data;
}
              </script>
              <span class="suite-total-time">Total running time: 54 seconds</span>
              <div id="times-div-Suite">
              </div> <!-- times-div-Suite -->
            </div> <!-- times-div -->
          </div> <!-- main-panel-content rounded-window-bottom -->
        </div> <!-- panel -->
        <div panel-name="reporter-Suite" class="panel">
          <div class="main-panel-header rounded-window-top">
            <span class="header-content">Reporter output for Suite</span>
          </div> <!-- main-panel-header rounded-window-top -->
          <div class="main-panel-content rounded-window-bottom">
          </div> <!-- main-panel-content rounded-window-bottom -->
        </div> <!-- panel -->
        <div panel-name="ignored-methods-Suite" class="panel">
          <div class="main-panel-header rounded-window-top">
            <span class="header-content">4 ignored methods</span>
          </div> <!-- main-panel-header rounded-window-top -->
          <div class="main-panel-content rounded-window-bottom">
            <div class="ignored-class-div">
              <span class="ignored-class-name">testng.takescreenshotincrossbrowserexecution.CreatePurchaseSelectCopyBillingAddressShippingAddressEmptyCBTest</span>
              <div class="ignored-methods-div">
                <span class="ignored-method-name">closeDbConfig</span>
                <br/>
                <span class="ignored-method-name">dbConfig</span>
                <br/>
              </div> <!-- ignored-methods-div -->
            </div> <!-- ignored-class-div -->
            <div class="ignored-class-div">
              <span class="ignored-class-name">testng.takescreenshotincrossbrowserexecution.CreatePurchaseOrderSelectCopyShppingAddressCBTest</span>
              <div class="ignored-methods-div">
                <span class="ignored-method-name">closeDbConfig</span>
                <br/>
                <span class="ignored-method-name">dbConfig</span>
                <br/>
              </div> <!-- ignored-methods-div -->
            </div> <!-- ignored-class-div -->
          </div> <!-- main-panel-content rounded-window-bottom -->
        </div> <!-- panel -->
        <div panel-name="chronological-Suite" class="panel">
          <div class="main-panel-header rounded-window-top">
            <span class="header-content">Methods in chronological order</span>
          </div> <!-- main-panel-header rounded-window-top -->
          <div class="main-panel-content rounded-window-bottom">
            <div class="chronological-class">
              <div class="chronological-class-name">testng.takescreenshotincrossbrowserexecution.CreatePurchaseSelectCopyBillingAddressCBTest</div> <!-- chronological-class-name -->
              <div class="configuration-suite before">
                <span class="method-name">dbConfig</span>
                <span class="method-start">0 ms</span>
              </div> <!-- configuration-suite before -->
              <div class="configuration-class before">
                <span class="method-name">launchTheBrowser(chrome)</span>
                <span class="method-start">39 ms</span>
              </div> <!-- configuration-class before -->
            </div> <!-- chronological-class -->
            <div class="chronological-class">
              <div class="chronological-class-name">testng.takescreenshotincrossbrowserexecution.CreatePurchaseOrderSelCopyShippingAddBillingAddPresCBTest</div> <!-- chronological-class-name -->
              <div class="configuration-class before">
                <span class="method-name">launchTheBrowser(firefox)</span>
                <span class="method-start">39 ms</span>
              </div> <!-- configuration-class before -->
            </div> <!-- chronological-class -->
            <div class="chronological-class">
              <div class="chronological-class-name">testng.takescreenshotincrossbrowserexecution.CreatePurchaseSelectCopyBillingAddressCBTest</div> <!-- chronological-class-name -->
              <div class="configuration-method before">
                <span class="method-name">loginToApplication</span>
                <span class="method-start">22277 ms</span>
              </div> <!-- configuration-method before -->
            </div> <!-- chronological-class -->
            <div class="chronological-class">
              <div class="chronological-class-name">testng.takescreenshotincrossbrowserexecution.CreatePurchaseOrderSelCopyShippingAddBillingAddPresCBTest</div> <!-- chronological-class-name -->
              <div class="configuration-method before">
                <span class="method-name">loginToApplication</span>
                <span class="method-start">22309 ms</span>
              </div> <!-- configuration-method before -->
              <div class="test-method">
                <img src="failed.png">
                </img>
                <span class="method-name">createMethodPurchaseOrderSelCopyShippingAddBillingAddPresCBTest</span>
                <span class="method-start">28473 ms</span>
              </div> <!-- test-method -->
              <div class="configuration-method after">
                <span class="method-name">logoutFromApplication</span>
                <span class="method-start">38174 ms</span>
              </div> <!-- configuration-method after -->
            </div> <!-- chronological-class -->
            <div class="chronological-class">
              <div class="chronological-class-name">testng.takescreenshotincrossbrowserexecution.CreatePurchaseSelectCopyBillingAddressCBTest</div> <!-- chronological-class-name -->
              <div class="test-method">
                <img src="failed.png">
                </img>
                <span class="method-name">createMethodPurchaseSelectCopyBillingAddressTest</span>
                <span class="method-start">44250 ms</span>
              </div> <!-- test-method -->
            </div> <!-- chronological-class -->
            <div class="chronological-class">
              <div class="chronological-class-name">testng.takescreenshotincrossbrowserexecution.CreatePurchaseOrderSelCopyShippingAddBillingAddPresCBTest</div> <!-- chronological-class-name -->
              <div class="configuration-class after">
                <span class="method-name">closeTheBrowser</span>
                <span class="method-start">44921 ms</span>
              </div> <!-- configuration-class after -->
            </div> <!-- chronological-class -->
            <div class="chronological-class">
              <div class="chronological-class-name">testng.takescreenshotincrossbrowserexecution.CreatePurchaseOrderSelectCopyShppingAddressCBTest</div> <!-- chronological-class-name -->
              <div class="configuration-class before">
                <span class="method-name">launchTheBrowser(firefox)</span>
                <span class="method-start">48247 ms</span>
              </div> <!-- configuration-class before -->
              <div class="configuration-method before">
                <span class="method-name">loginToApplication</span>
                <span class="method-start">59085 ms</span>
              </div> <!-- configuration-method before -->
              <div class="test-method">
                <img src="failed.png">
                </img>
                <span class="method-name">methodCreatePurchaseOrderSelectCopyShppingAddressCrossBrowser</span>
                <span class="method-start">63264 ms</span>
              </div> <!-- test-method -->
            </div> <!-- chronological-class -->
            <div class="chronological-class">
              <div class="chronological-class-name">testng.takescreenshotincrossbrowserexecution.CreatePurchaseSelectCopyBillingAddressCBTest</div> <!-- chronological-class-name -->
              <div class="configuration-method after">
                <span class="method-name">logoutFromApplication</span>
                <span class="method-start">74492 ms</span>
              </div> <!-- configuration-method after -->
            </div> <!-- chronological-class -->
            <div class="chronological-class">
              <div class="chronological-class-name">testng.takescreenshotincrossbrowserexecution.CreatePurchaseOrderSelectCopyShppingAddressCBTest</div> <!-- chronological-class-name -->
              <div class="configuration-method after">
                <span class="method-name">logoutFromApplication</span>
                <span class="method-start">74733 ms</span>
              </div> <!-- configuration-method after -->
              <div class="configuration-class after">
                <span class="method-name">closeTheBrowser</span>
                <span class="method-start">76803 ms</span>
              </div> <!-- configuration-class after -->
            </div> <!-- chronological-class -->
            <div class="chronological-class">
              <div class="chronological-class-name">testng.takescreenshotincrossbrowserexecution.CreatePurchaseSelectCopyBillingAddressCBTest</div> <!-- chronological-class-name -->
              <div class="configuration-class after">
                <span class="method-name">closeTheBrowser</span>
                <span class="method-start">77434 ms</span>
              </div> <!-- configuration-class after -->
            </div> <!-- chronological-class -->
            <div class="chronological-class">
              <div class="chronological-class-name">testng.takescreenshotincrossbrowserexecution.CreatePurchaseSelectCopyBillingAddressShippingAddressEmptyCBTest</div> <!-- chronological-class-name -->
              <div class="configuration-class before">
                <span class="method-name">launchTheBrowser(chrome)</span>
                <span class="method-start">78198 ms</span>
              </div> <!-- configuration-class before -->
              <div class="configuration-method before">
                <span class="method-name">loginToApplication</span>
                <span class="method-start">81416 ms</span>
              </div> <!-- configuration-method before -->
              <div class="test-method">
                <img src="failed.png">
                </img>
                <span class="method-name">createMethodPurchaseSelectCopyBillingAddressShippingAddressEmptyTest</span>
                <span class="method-start">85292 ms</span>
              </div> <!-- test-method -->
              <div class="configuration-method after">
                <span class="method-name">logoutFromApplication</span>
                <span class="method-start">94494 ms</span>
              </div> <!-- configuration-method after -->
              <div class="configuration-class after">
                <span class="method-name">closeTheBrowser</span>
                <span class="method-start">96400 ms</span>
              </div> <!-- configuration-class after -->
            </div> <!-- chronological-class -->
            <div class="chronological-class">
              <div class="chronological-class-name">testng.takescreenshotincrossbrowserexecution.CreatePurchaseSelectCopyBillingAddressCBTest</div> <!-- chronological-class-name -->
              <div class="configuration-suite after">
                <span class="method-name">closeDbConfig</span>
                <span class="method-start">97118 ms</span>
              </div> <!-- configuration-suite after -->
          </div> <!-- main-panel-content rounded-window-bottom -->
        </div> <!-- panel -->
      </div> <!-- main-panel-root -->
    </div> <!-- wrapper -->
  </body>
</html>
