<?xml version="1.0" encoding="UTF-8"?>
<testng-results ignored="4" total="8" passed="0" failed="4" skipped="0">
  <reporter-output>
  </reporter-output>
  <suite started-at="2022-06-20T10:29:05Z" name="Suite" finished-at="2022-06-20T10:30:42Z" duration-ms="97053">
    <groups>
    </groups>
    <test started-at="2022-06-20T10:29:05Z" name="Test1" finished-at="2022-06-20T10:30:23Z" duration-ms="78525">
      <class name="testng.takescreenshotincrossbrowserexecution.CreatePurchaseOrderSelCopyShippingAddBillingAddPresCBTest">
        <test-method is-config="true" signature="launchTheBrowser(java.lang.String)[pri:0, instance:testng.takescreenshotincrossbrowserexecution.CreatePurchaseOrderSelCopyShippingAddBillingAddPresCBTest@1e8b7643]" started-at="2022-06-20T10:29:05Z" name="launchTheBrowser" finished-at="2022-06-20T10:29:27Z" duration-ms="22269" status="PASS">
          <params>
            <param index="0">
              <value>
                <![CDATA[firefox]]>
              </value>
            </param>
          </params>
          <reporter-output>
          </reporter-output>
        </test-method> <!-- launchTheBrowser -->
        <test-method is-config="true" signature="loginToApplication()[pri:0, instance:testng.takescreenshotincrossbrowserexecution.CreatePurchaseOrderSelCopyShippingAddBillingAddPresCBTest@1e8b7643]" started-at="2022-06-20T10:29:27Z" name="loginToApplication" finished-at="2022-06-20T10:29:33Z" duration-ms="6164" status="PASS">
          <reporter-output>
          </reporter-output>
        </test-method> <!-- loginToApplication -->
        <test-method signature="createMethodPurchaseOrderSelCopyShippingAddBillingAddPresCBTest()[pri:0, instance:testng.takescreenshotincrossbrowserexecution.CreatePurchaseOrderSelCopyShippingAddBillingAddPresCBTest@1e8b7643]" started-at="2022-06-20T10:29:33Z" name="createMethodPurchaseOrderSelCopyShippingAddBillingAddPresCBTest" finished-at="2022-06-20T10:29:42Z" duration-ms="8998" status="FAIL">
          <exception class="org.openqa.selenium.ElementNotInteractableException">
            <message>
              <![CDATA[Element <a id="more" class="drop_downnew" href="index.php?module=PurchaseOrder&action=index" name="Purchase Order"> could not be scrolled into view
Build info: version: '3.141.59', revision: 'e82be7d358', time: '2018-11-14T08:17:03'
System info: host: 'DESKTOP-VC3249G', ip: '192.168.43.175', os.name: 'Windows 10', os.arch: 'amd64', os.version: '10.0', java.version: '16.0.1'
Driver info: org.openqa.selenium.firefox.FirefoxDriver
Capabilities {acceptInsecureCerts: true, browserName: firefox, browserVersion: 101.0, javascriptEnabled: true, moz:accessibilityChecks: false, moz:buildID: 20220526203855, moz:geckodriverVersion: 0.31.0, moz:headless: false, moz:processID: 8512, moz:profile: C:\Users\Dell\AppData\Local..., moz:shutdownTimeout: 60000, moz:useNonSpecCompliantPointerOrigin: false, moz:webdriverClick: true, pageLoadStrategy: normal, platform: WINDOWS, platformName: WINDOWS, platformVersion: 10.0, proxy: Proxy(), setWindowRect: true, strictFileInteractability: false, timeouts: {implicit: 0, pageLoad: 300000, script: 30000}, unhandledPromptBehavior: dismiss and notify}
Session ID: 7b4d8c83-83cd-4afd-aa55-2f932c0a8dd1]]>
            </message>
            <full-stacktrace>
              <![CDATA[org.openqa.selenium.ElementNotInteractableException: Element <a id="more" class="drop_downnew" href="index.php?module=PurchaseOrder&action=index" name="Purchase Order"> could not be scrolled into view
Build info: version: '3.141.59', revision: 'e82be7d358', time: '2018-11-14T08:17:03'
System info: host: 'DESKTOP-VC3249G', ip: '192.168.43.175', os.name: 'Windows 10', os.arch: 'amd64', os.version: '10.0', java.version: '16.0.1'
Driver info: org.openqa.selenium.firefox.FirefoxDriver
Capabilities {acceptInsecureCerts: true, browserName: firefox, browserVersion: 101.0, javascriptEnabled: true, moz:accessibilityChecks: false, moz:buildID: 20220526203855, moz:geckodriverVersion: 0.31.0, moz:headless: false, moz:processID: 8512, moz:profile: C:\Users\Dell\AppData\Local..., moz:shutdownTimeout: 60000, moz:useNonSpecCompliantPointerOrigin: false, moz:webdriverClick: true, pageLoadStrategy: normal, platform: WINDOWS, platformName: WINDOWS, platformVersion: 10.0, proxy: Proxy(), setWindowRect: true, strictFileInteractability: false, timeouts: {implicit: 0, pageLoad: 300000, script: 30000}, unhandledPromptBehavior: dismiss and notify}
Session ID: 7b4d8c83-83cd-4afd-aa55-2f932c0a8dd1
at java.base/jdk.internal.reflect.NativeConstructorAccessorImpl.newInstance0(Native Method)
at java.base/jdk.internal.reflect.NativeConstructorAccessorImpl.newInstance(NativeConstructorAccessorImpl.java:78)
at java.base/jdk.internal.reflect.DelegatingConstructorAccessorImpl.newInstance(DelegatingConstructorAccessorImpl.java:45)
at java.base/java.lang.reflect.Constructor.newInstanceWithCaller(Constructor.java:499)
at java.base/java.lang.reflect.Constructor.newInstance(Constructor.java:480)
at org.openqa.selenium.remote.http.W3CHttpResponseCodec.createException(W3CHttpResponseCodec.java:187)
at org.openqa.selenium.remote.http.W3CHttpResponseCodec.decode(W3CHttpResponseCodec.java:122)
at org.openqa.selenium.remote.http.W3CHttpResponseCodec.decode(W3CHttpResponseCodec.java:49)
at org.openqa.selenium.remote.HttpCommandExecutor.execute(HttpCommandExecutor.java:158)
at org.openqa.selenium.remote.service.DriverCommandExecutor.execute(DriverCommandExecutor.java:83)
at org.openqa.selenium.remote.RemoteWebDriver.execute(RemoteWebDriver.java:552)
at org.openqa.selenium.remote.RemoteWebElement.execute(RemoteWebElement.java:285)
at org.openqa.selenium.remote.RemoteWebElement.click(RemoteWebElement.java:84)
at java.base/jdk.internal.reflect.NativeMethodAccessorImpl.invoke0(Native Method)
at java.base/jdk.internal.reflect.NativeMethodAccessorImpl.invoke(NativeMethodAccessorImpl.java:78)
at java.base/jdk.internal.reflect.DelegatingMethodAccessorImpl.invoke(DelegatingMethodAccessorImpl.java:43)
at java.base/java.lang.reflect.Method.invoke(Method.java:567)
at org.openqa.selenium.support.pagefactory.internal.LocatingElementHandler.invoke(LocatingElementHandler.java:51)
at jdk.proxy2/jdk.proxy2.$Proxy19.click(Unknown Source)
at com.crm.objectRepository.HomePage.selectingPurchaseOrder(HomePage.java:102)
at testng.takescreenshotincrossbrowserexecution.CreatePurchaseOrderSelCopyShippingAddBillingAddPresCBTest.createMethodPurchaseOrderSelCopyShippingAddBillingAddPresCBTest(CreatePurchaseOrderSelCopyShippingAddBillingAddPresCBTest.java:40)
at java.base/jdk.internal.reflect.NativeMethodAccessorImpl.invoke0(Native Method)
at java.base/jdk.internal.reflect.NativeMethodAccessorImpl.invoke(NativeMethodAccessorImpl.java:78)
at java.base/jdk.internal.reflect.DelegatingMethodAccessorImpl.invoke(DelegatingMethodAccessorImpl.java:43)
at java.base/java.lang.reflect.Method.invoke(Method.java:567)
at org.testng.internal.MethodInvocationHelper.invokeMethod(MethodInvocationHelper.java:124)
at org.testng.internal.Invoker.invokeMethod(Invoker.java:583)
at org.testng.internal.Invoker.invokeTestMethod(Invoker.java:719)
at org.testng.internal.Invoker.invokeTestMethods(Invoker.java:989)
at org.testng.internal.TestMethodWorker.invokeTestMethods(TestMethodWorker.java:125)
at org.testng.internal.TestMethodWorker.run(TestMethodWorker.java:109)
at org.testng.TestRunner.privateRun(TestRunner.java:648)
at org.testng.TestRunner.run(TestRunner.java:505)
at org.testng.SuiteRunner.runTest(SuiteRunner.java:455)
at org.testng.SuiteRunner.access$000(SuiteRunner.java:40)
at org.testng.SuiteRunner$SuiteWorker.run(SuiteRunner.java:489)
at org.testng.internal.thread.ThreadUtil$1.call(ThreadUtil.java:52)
at java.base/java.util.concurrent.FutureTask.run(FutureTask.java:264)
at java.base/java.util.concurrent.ThreadPoolExecutor.runWorker(ThreadPoolExecutor.java:1130)
at java.base/java.util.concurrent.ThreadPoolExecutor$Worker.run(ThreadPoolExecutor.java:630)
at java.base/java.lang.Thread.run(Thread.java:831)
]]>
            </full-stacktrace>
          </exception> <!-- org.openqa.selenium.ElementNotInteractableException -->
          <reporter-output>
          </reporter-output>
        </test-method> <!-- createMethodPurchaseOrderSelCopyShippingAddBillingAddPresCBTest -->
        <test-method is-config="true" signature="logoutFromApplication()[pri:0, instance:testng.takescreenshotincrossbrowserexecution.CreatePurchaseOrderSelCopyShippingAddBillingAddPresCBTest@1e8b7643]" started-at="2022-06-20T10:29:43Z" name="logoutFromApplication" finished-at="2022-06-20T10:29:49Z" duration-ms="6746" status="PASS">
          <reporter-output>
          </reporter-output>
        </test-method> <!-- logoutFromApplication -->
        <test-method is-config="true" signature="closeTheBrowser()[pri:0, instance:testng.takescreenshotincrossbrowserexecution.CreatePurchaseOrderSelCopyShippingAddBillingAddPresCBTest@1e8b7643]" started-at="2022-06-20T10:29:49Z" name="closeTheBrowser" finished-at="2022-06-20T10:29:53Z" duration-ms="3326" status="PASS">
          <reporter-output>
          </reporter-output>
        </test-method> <!-- closeTheBrowser -->
      </class> <!-- testng.takescreenshotincrossbrowserexecution.CreatePurchaseOrderSelCopyShippingAddBillingAddPresCBTest -->
      <class name="testng.takescreenshotincrossbrowserexecution.CreatePurchaseOrderSelectCopyShppingAddressCBTest">
        <test-method is-config="true" signature="launchTheBrowser(java.lang.String)[pri:0, instance:testng.takescreenshotincrossbrowserexecution.CreatePurchaseOrderSelectCopyShppingAddressCBTest@51549490]" started-at="2022-06-20T10:29:53Z" name="launchTheBrowser" finished-at="2022-06-20T10:30:04Z" duration-ms="10837" status="PASS">
          <params>
            <param index="0">
              <value>
                <![CDATA[firefox]]>
              </value>
            </param>
          </params>
          <reporter-output>
          </reporter-output>
        </test-method> <!-- launchTheBrowser -->
        <test-method is-config="true" signature="loginToApplication()[pri:0, instance:testng.takescreenshotincrossbrowserexecution.CreatePurchaseOrderSelectCopyShppingAddressCBTest@51549490]" started-at="2022-06-20T10:30:04Z" name="loginToApplication" finished-at="2022-06-20T10:30:08Z" duration-ms="4179" status="PASS">
          <reporter-output>
          </reporter-output>
        </test-method> <!-- loginToApplication -->
        <test-method signature="methodCreatePurchaseOrderSelectCopyShppingAddressCrossBrowser()[pri:0, instance:testng.takescreenshotincrossbrowserexecution.CreatePurchaseOrderSelectCopyShppingAddressCBTest@51549490]" started-at="2022-06-20T10:30:08Z" name="methodCreatePurchaseOrderSelectCopyShppingAddressCrossBrowser" finished-at="2022-06-20T10:30:19Z" duration-ms="10683" status="FAIL">
          <exception class="java.lang.AssertionError">
            <message>
              <![CDATA[null]]>
            </message>
            <full-stacktrace>
              <![CDATA[java.lang.AssertionError: null
at org.testng.Assert.fail(Assert.java:96)
at org.testng.Assert.fail(Assert.java:103)
at testng.takescreenshotincrossbrowserexecution.CreatePurchaseOrderSelectCopyShppingAddressCBTest.methodCreatePurchaseOrderSelectCopyShppingAddressCrossBrowser(CreatePurchaseOrderSelectCopyShppingAddressCBTest.java:52)
at java.base/jdk.internal.reflect.NativeMethodAccessorImpl.invoke0(Native Method)
at java.base/jdk.internal.reflect.NativeMethodAccessorImpl.invoke(NativeMethodAccessorImpl.java:78)
at java.base/jdk.internal.reflect.DelegatingMethodAccessorImpl.invoke(DelegatingMethodAccessorImpl.java:43)
at java.base/java.lang.reflect.Method.invoke(Method.java:567)
at org.testng.internal.MethodInvocationHelper.invokeMethod(MethodInvocationHelper.java:124)
at org.testng.internal.Invoker.invokeMethod(Invoker.java:583)
at org.testng.internal.Invoker.invokeTestMethod(Invoker.java:719)
at org.testng.internal.Invoker.invokeTestMethods(Invoker.java:989)
at org.testng.internal.TestMethodWorker.invokeTestMethods(TestMethodWorker.java:125)
at org.testng.internal.TestMethodWorker.run(TestMethodWorker.java:109)
at org.testng.TestRunner.privateRun(TestRunner.java:648)
at org.testng.TestRunner.run(TestRunner.java:505)
at org.testng.SuiteRunner.runTest(SuiteRunner.java:455)
at org.testng.SuiteRunner.access$000(SuiteRunner.java:40)
at org.testng.SuiteRunner$SuiteWorker.run(SuiteRunner.java:489)
at org.testng.internal.thread.ThreadUtil$1.call(ThreadUtil.java:52)
at java.base/java.util.concurrent.FutureTask.run(FutureTask.java:264)
at java.base/java.util.concurrent.ThreadPoolExecutor.runWorker(ThreadPoolExecutor.java:1130)
at java.base/java.util.concurrent.ThreadPoolExecutor$Worker.run(ThreadPoolExecutor.java:630)
at java.base/java.lang.Thread.run(Thread.java:831)
]]>
            </full-stacktrace>
          </exception> <!-- java.lang.AssertionError -->
          <reporter-output>
          </reporter-output>
        </test-method> <!-- methodCreatePurchaseOrderSelectCopyShppingAddressCrossBrowser -->
        <test-method is-config="true" signature="logoutFromApplication()[pri:0, instance:testng.takescreenshotincrossbrowserexecution.CreatePurchaseOrderSelectCopyShppingAddressCBTest@51549490]" started-at="2022-06-20T10:30:19Z" name="logoutFromApplication" finished-at="2022-06-20T10:30:21Z" duration-ms="2070" status="PASS">
          <reporter-output>
          </reporter-output>
        </test-method> <!-- logoutFromApplication -->
        <test-method is-config="true" signature="closeTheBrowser()[pri:0, instance:testng.takescreenshotincrossbrowserexecution.CreatePurchaseOrderSelectCopyShppingAddressCBTest@51549490]" started-at="2022-06-20T10:30:21Z" name="closeTheBrowser" finished-at="2022-06-20T10:30:23Z" duration-ms="1743" status="PASS">
          <reporter-output>
          </reporter-output>
        </test-method> <!-- closeTheBrowser -->
      </class> <!-- testng.takescreenshotincrossbrowserexecution.CreatePurchaseOrderSelectCopyShppingAddressCBTest -->
    </test> <!-- Test1 -->
    <test started-at="2022-06-20T10:29:05Z" name="Test2" finished-at="2022-06-20T10:30:42Z" duration-ms="97053">
      <class name="testng.takescreenshotincrossbrowserexecution.CreatePurchaseSelectCopyBillingAddressShippingAddressEmptyCBTest">
        <test-method is-config="true" signature="launchTheBrowser(java.lang.String)[pri:0, instance:testng.takescreenshotincrossbrowserexecution.CreatePurchaseSelectCopyBillingAddressShippingAddressEmptyCBTest@7a220c9a]" started-at="2022-06-20T10:30:23Z" name="launchTheBrowser" finished-at="2022-06-20T10:30:26Z" duration-ms="3217" status="PASS">
          <params>
            <param index="0">
              <value>
                <![CDATA[chrome]]>
              </value>
            </param>
          </params>
          <reporter-output>
          </reporter-output>
        </test-method> <!-- launchTheBrowser -->
        <test-method is-config="true" signature="loginToApplication()[pri:0, instance:testng.takescreenshotincrossbrowserexecution.CreatePurchaseSelectCopyBillingAddressShippingAddressEmptyCBTest@7a220c9a]" started-at="2022-06-20T10:30:26Z" name="loginToApplication" finished-at="2022-06-20T10:30:30Z" duration-ms="3876" status="PASS">
          <reporter-output>
          </reporter-output>
        </test-method> <!-- loginToApplication -->
        <test-method signature="createMethodPurchaseSelectCopyBillingAddressShippingAddressEmptyTest()[pri:0, instance:testng.takescreenshotincrossbrowserexecution.CreatePurchaseSelectCopyBillingAddressShippingAddressEmptyCBTest@7a220c9a]" started-at="2022-06-20T10:30:30Z" name="createMethodPurchaseSelectCopyBillingAddressShippingAddressEmptyTest" finished-at="2022-06-20T10:30:39Z" duration-ms="8877" status="FAIL">
          <exception class="java.lang.AssertionError">
            <message>
              <![CDATA[null]]>
            </message>
            <full-stacktrace>
              <![CDATA[java.lang.AssertionError: null
at org.testng.Assert.fail(Assert.java:96)
at org.testng.Assert.fail(Assert.java:103)
at testng.takescreenshotincrossbrowserexecution.CreatePurchaseSelectCopyBillingAddressShippingAddressEmptyCBTest.createMethodPurchaseSelectCopyBillingAddressShippingAddressEmptyTest(CreatePurchaseSelectCopyBillingAddressShippingAddressEmptyCBTest.java:47)
at java.base/jdk.internal.reflect.NativeMethodAccessorImpl.invoke0(Native Method)
at java.base/jdk.internal.reflect.NativeMethodAccessorImpl.invoke(NativeMethodAccessorImpl.java:78)
at java.base/jdk.internal.reflect.DelegatingMethodAccessorImpl.invoke(DelegatingMethodAccessorImpl.java:43)
at java.base/java.lang.reflect.Method.invoke(Method.java:567)
at org.testng.internal.MethodInvocationHelper.invokeMethod(MethodInvocationHelper.java:124)
at org.testng.internal.Invoker.invokeMethod(Invoker.java:583)
at org.testng.internal.Invoker.invokeTestMethod(Invoker.java:719)
at org.testng.internal.Invoker.invokeTestMethods(Invoker.java:989)
at org.testng.internal.TestMethodWorker.invokeTestMethods(TestMethodWorker.java:125)
at org.testng.internal.TestMethodWorker.run(TestMethodWorker.java:109)
at org.testng.TestRunner.privateRun(TestRunner.java:648)
at org.testng.TestRunner.run(TestRunner.java:505)
at org.testng.SuiteRunner.runTest(SuiteRunner.java:455)
at org.testng.SuiteRunner.access$000(SuiteRunner.java:40)
at org.testng.SuiteRunner$SuiteWorker.run(SuiteRunner.java:489)
at org.testng.internal.thread.ThreadUtil$1.call(ThreadUtil.java:52)
at java.base/java.util.concurrent.FutureTask.run(FutureTask.java:264)
at java.base/java.util.concurrent.ThreadPoolExecutor.runWorker(ThreadPoolExecutor.java:1130)
at java.base/java.util.concurrent.ThreadPoolExecutor$Worker.run(ThreadPoolExecutor.java:630)
at java.base/java.lang.Thread.run(Thread.java:831)
]]>
            </full-stacktrace>
          </exception> <!-- java.lang.AssertionError -->
          <reporter-output>
          </reporter-output>
        </test-method> <!-- createMethodPurchaseSelectCopyBillingAddressShippingAddressEmptyTest -->
        <test-method is-config="true" signature="logoutFromApplication()[pri:0, instance:testng.takescreenshotincrossbrowserexecution.CreatePurchaseSelectCopyBillingAddressShippingAddressEmptyCBTest@7a220c9a]" started-at="2022-06-20T10:30:39Z" name="logoutFromApplication" finished-at="2022-06-20T10:30:41Z" duration-ms="1906" status="PASS">
          <reporter-output>
          </reporter-output>
        </test-method> <!-- logoutFromApplication -->
        <test-method is-config="true" signature="closeTheBrowser()[pri:0, instance:testng.takescreenshotincrossbrowserexecution.CreatePurchaseSelectCopyBillingAddressShippingAddressEmptyCBTest@7a220c9a]" started-at="2022-06-20T10:30:41Z" name="closeTheBrowser" finished-at="2022-06-20T10:30:42Z" duration-ms="676" status="PASS">
          <reporter-output>
          </reporter-output>
        </test-method> <!-- closeTheBrowser -->
      </class> <!-- testng.takescreenshotincrossbrowserexecution.CreatePurchaseSelectCopyBillingAddressShippingAddressEmptyCBTest -->
      <class name="testng.takescreenshotincrossbrowserexecution.CreatePurchaseSelectCopyBillingAddressCBTest">
        <test-method is-config="true" signature="dbConfig()[pri:0, instance:testng.takescreenshotincrossbrowserexecution.CreatePurchaseSelectCopyBillingAddressCBTest@68702e03]" started-at="2022-06-20T10:29:05Z" name="dbConfig" finished-at="2022-06-20T10:29:05Z" duration-ms="15" status="PASS">
          <reporter-output>
          </reporter-output>
        </test-method> <!-- dbConfig -->
        <test-method is-config="true" signature="launchTheBrowser(java.lang.String)[pri:0, instance:testng.takescreenshotincrossbrowserexecution.CreatePurchaseSelectCopyBillingAddressCBTest@68702e03]" started-at="2022-06-20T10:29:05Z" name="launchTheBrowser" finished-at="2022-06-20T10:29:27Z" duration-ms="22223" status="PASS">
          <params>
            <param index="0">
              <value>
                <![CDATA[chrome]]>
              </value>
            </param>
          </params>
          <reporter-output>
          </reporter-output>
        </test-method> <!-- launchTheBrowser -->
        <test-method is-config="true" signature="loginToApplication()[pri:0, instance:testng.takescreenshotincrossbrowserexecution.CreatePurchaseSelectCopyBillingAddressCBTest@68702e03]" started-at="2022-06-20T10:29:27Z" name="loginToApplication" finished-at="2022-06-20T10:29:49Z" duration-ms="21973" status="PASS">
          <reporter-output>
          </reporter-output>
        </test-method> <!-- loginToApplication -->
        <test-method signature="createMethodPurchaseSelectCopyBillingAddressTest()[pri:0, instance:testng.takescreenshotincrossbrowserexecution.CreatePurchaseSelectCopyBillingAddressCBTest@68702e03]" started-at="2022-06-20T10:29:49Z" name="createMethodPurchaseSelectCopyBillingAddressTest" finished-at="2022-06-20T10:30:15Z" duration-ms="25801" status="FAIL">
          <exception class="java.lang.AssertionError">
            <message>
              <![CDATA[null]]>
            </message>
            <full-stacktrace>
              <![CDATA[java.lang.AssertionError: null
at org.testng.Assert.fail(Assert.java:96)
at org.testng.Assert.fail(Assert.java:103)
at testng.takescreenshotincrossbrowserexecution.CreatePurchaseSelectCopyBillingAddressCBTest.createMethodPurchaseSelectCopyBillingAddressTest(CreatePurchaseSelectCopyBillingAddressCBTest.java:47)
at java.base/jdk.internal.reflect.NativeMethodAccessorImpl.invoke0(Native Method)
at java.base/jdk.internal.reflect.NativeMethodAccessorImpl.invoke(NativeMethodAccessorImpl.java:78)
at java.base/jdk.internal.reflect.DelegatingMethodAccessorImpl.invoke(DelegatingMethodAccessorImpl.java:43)
at java.base/java.lang.reflect.Method.invoke(Method.java:567)
at org.testng.internal.MethodInvocationHelper.invokeMethod(MethodInvocationHelper.java:124)
at org.testng.internal.Invoker.invokeMethod(Invoker.java:583)
at org.testng.internal.Invoker.invokeTestMethod(Invoker.java:719)
at org.testng.internal.Invoker.invokeTestMethods(Invoker.java:989)
at org.testng.internal.TestMethodWorker.invokeTestMethods(TestMethodWorker.java:125)
at org.testng.internal.TestMethodWorker.run(TestMethodWorker.java:109)
at org.testng.TestRunner.privateRun(TestRunner.java:648)
at org.testng.TestRunner.run(TestRunner.java:505)
at org.testng.SuiteRunner.runTest(SuiteRunner.java:455)
at org.testng.SuiteRunner.access$000(SuiteRunner.java:40)
at org.testng.SuiteRunner$SuiteWorker.run(SuiteRunner.java:489)
at org.testng.internal.thread.ThreadUtil$1.call(ThreadUtil.java:52)
at java.base/java.util.concurrent.FutureTask.run(FutureTask.java:264)
at java.base/java.util.concurrent.ThreadPoolExecutor.runWorker(ThreadPoolExecutor.java:1130)
at java.base/java.util.concurrent.ThreadPoolExecutor$Worker.run(ThreadPoolExecutor.java:630)
at java.base/java.lang.Thread.run(Thread.java:831)
]]>
            </full-stacktrace>
          </exception> <!-- java.lang.AssertionError -->
          <reporter-output>
          </reporter-output>
        </test-method> <!-- createMethodPurchaseSelectCopyBillingAddressTest -->
        <test-method is-config="true" signature="logoutFromApplication()[pri:0, instance:testng.takescreenshotincrossbrowserexecution.CreatePurchaseSelectCopyBillingAddressCBTest@68702e03]" started-at="2022-06-20T10:30:19Z" name="logoutFromApplication" finished-at="2022-06-20T10:30:22Z" duration-ms="2942" status="PASS">
          <reporter-output>
          </reporter-output>
        </test-method> <!-- logoutFromApplication -->
        <test-method is-config="true" signature="closeTheBrowser()[pri:0, instance:testng.takescreenshotincrossbrowserexecution.CreatePurchaseSelectCopyBillingAddressCBTest@68702e03]" started-at="2022-06-20T10:30:22Z" name="closeTheBrowser" finished-at="2022-06-20T10:30:23Z" duration-ms="764" status="PASS">
          <reporter-output>
          </reporter-output>
        </test-method> <!-- closeTheBrowser -->
        <test-method is-config="true" signature="closeDbConfig()[pri:0, instance:testng.takescreenshotincrossbrowserexecution.CreatePurchaseSelectCopyBillingAddressCBTest@68702e03]" started-at="2022-06-20T10:30:42Z" name="closeDbConfig" finished-at="2022-06-20T10:30:42Z" duration-ms="2" status="PASS">
          <reporter-output>
          </reporter-output>
        </test-method> <!-- closeDbConfig -->
      </class> <!-- testng.takescreenshotincrossbrowserexecution.CreatePurchaseSelectCopyBillingAddressCBTest -->
    </test> <!-- Test2 -->
  </suite> <!-- Suite -->
</testng-results>
