<?xml version="1.0" encoding="UTF-8"?>
<!-- Generated by org.testng.reporters.JUnitXMLReporter -->
<testsuite ignored="2" hostname="DESKTOP-VC3249G" failures="2" tests="2" name="Test2" time="97.053" errors="0" timestamp="20 Jun 2022 10:30:42 GMT">
  <testcase classname="testng.takescreenshotincrossbrowserexecution.CreatePurchaseSelectCopyBillingAddressCBTest" name="createMethodPurchaseSelectCopyBillingAddressTest" time="25.801">
    <failure type="java.lang.AssertionError" message="null">
      <![CDATA[java.lang.AssertionError: null
at testng.takescreenshotincrossbrowserexecution.CreatePurchaseSelectCopyBillingAddressCBTest.createMethodPurchaseSelectCopyBillingAddressTest(CreatePurchaseSelectCopyBillingAddressCBTest.java:47)
at java.base/java.util.concurrent.FutureTask.run(FutureTask.java:264)
at java.base/java.util.concurrent.ThreadPoolExecutor.runWorker(ThreadPoolExecutor.java:1130)
at java.base/java.util.concurrent.ThreadPoolExecutor$Worker.run(ThreadPoolExecutor.java:630)
at java.base/java.lang.Thread.run(Thread.java:831)
... Removed 18 stack frames]]>
    </failure>
  </testcase> <!-- createMethodPurchaseSelectCopyBillingAddressTest -->
  <testcase classname="testng.takescreenshotincrossbrowserexecution.CreatePurchaseSelectCopyBillingAddressShippingAddressEmptyCBTest" name="createMethodPurchaseSelectCopyBillingAddressShippingAddressEmptyTest" time="8.877">
    <failure type="java.lang.AssertionError" message="null">
      <![CDATA[java.lang.AssertionError: null
at testng.takescreenshotincrossbrowserexecution.CreatePurchaseSelectCopyBillingAddressShippingAddressEmptyCBTest.createMethodPurchaseSelectCopyBillingAddressShippingAddressEmptyTest(CreatePurchaseSelectCopyBillingAddressShippingAddressEmptyCBTest.java:47)
at java.base/java.util.concurrent.FutureTask.run(FutureTask.java:264)
at java.base/java.util.concurrent.ThreadPoolExecutor.runWorker(ThreadPoolExecutor.java:1130)
at java.base/java.util.concurrent.ThreadPoolExecutor$Worker.run(ThreadPoolExecutor.java:630)
at java.base/java.lang.Thread.run(Thread.java:831)
... Removed 18 stack frames]]>
    </failure>
  </testcase> <!-- createMethodPurchaseSelectCopyBillingAddressShippingAddressEmptyTest -->
  <testcase classname="com.crm.SDET35.genericutilities.BaseClass" name="@AfterSuite closeDbConfig" time="0.0">
    <ignored/>
  </testcase> <!-- @AfterSuite closeDbConfig -->
  <testcase classname="com.crm.SDET35.genericutilities.BaseClass" name="@BeforeSuite dbConfig" time="0.0">
    <ignored/>
  </testcase> <!-- @BeforeSuite dbConfig -->
</testsuite> <!-- Test2 -->
